1525356840330	geckodriver	INFO	geckodriver 0.20.1
1525356840335	geckodriver	INFO	Listening on 127.0.0.1:53647
1525356841360	mozrunner::runner	INFO	Running command: "/Applications/Firefox.app/Contents/MacOS/firefox-bin" "-marionette" "-profile" "/var/folders/5f/_dh6c8j93pq4t9mwn4swxhqh0000gn/T/rust_mozprofile.BfgNOaACm03d"
1525356841796	Marionette	INFO	Enabled via --marionette
2018-05-03 16:14:02.482 plugin-container[2117:141578] *** CFMessagePort: bootstrap_register(): failed 1100 (0x44c) 'Permission denied', port = 0x14f43, name = 'com.apple.tsm.portname'
See /usr/include/servers/bootstrap_defs.h for the error codes.
2018-05-03 16:14:02.602 plugin-container[2117:141578] *** CFMessagePort: bootstrap_register(): failed 1100 (0x44c) 'Permission denied', port = 0x14fdb, name = 'com.apple.coredrag'
See /usr/include/servers/bootstrap_defs.h for the error codes.
1525356842766	Marionette	INFO	Listening on port 53658
1525356842810	Marionette	WARN	TLS certificate errors will be ignored for this session
2018-05-03 16:14:03.382 plugin-container[2118:141686] *** CFMessagePort: bootstrap_register(): failed 1100 (0x44c) 'Permission denied', port = 0x1533f, name = 'com.apple.tsm.portname'
See /usr/include/servers/bootstrap_defs.h for the error codes.
2018-05-03 16:14:03.505 plugin-container[2118:141686] *** CFMessagePort: bootstrap_register(): failed 1100 (0x44c) 'Permission denied', port = 0x153d3, name = 'com.apple.coredrag'
See /usr/include/servers/bootstrap_defs.h for the error codes.
2018-05-03 16:14:15.912 firefox-bin[2116:141472] IMKInputSession [0x106caa700 presentFunctionRowItemTextInputViewWithEndpoint:completionHandler:] : [self textInputContext]=0x1155360a0 *NO* NSRemoteViewController to client, NSError=Error Domain=NSCocoaErrorDomain Code=4097 "connection from pid 0" UserInfo={NSDebugDescription=connection from pid 0}, com.apple.inputmethod.EmojiFunctionRowItem
console.warn: LoginRecipes: getRecipes: falling back to a synchronous message for: https://www.messenger.com
console.warn: nsLoginManager: searchLogins: `formSubmitURL` or `httpRealm` is recommended
2018-05-03 16:14:25.298 firefox-bin[2116:141472] IMKInputSession [0x106caa700 presentFunctionRowItemTextInputViewWithEndpoint:completionHandler:] : [self textInputContext]=0x1155360a0 *NO* NSRemoteViewController to client, NSError=Error Domain=NSCocoaErrorDomain Code=4097 "connection from pid 0" UserInfo={NSDebugDescription=connection from pid 0}, com.apple.inputmethod.EmojiFunctionRowItem
console.warn: LoginRecipes: getRecipes: falling back to a synchronous message for: https://www.messenger.com
console.warn: nsLoginManager: searchLogins: `formSubmitURL` or `httpRealm` is recommended
1525356880781	geckodriver	INFO	geckodriver 0.20.1
1525356880785	geckodriver	INFO	Listening on 127.0.0.1:53725
1525356881809	mozrunner::runner	INFO	Running command: "/Applications/Firefox.app/Contents/MacOS/firefox-bin" "-marionette" "-profile" "/var/folders/5f/_dh6c8j93pq4t9mwn4swxhqh0000gn/T/rust_mozprofile.lvrdyZERGPa5"
1525356882218	Marionette	INFO	Enabled via --marionette
2018-05-03 16:14:42.914 plugin-container[2136:142377] *** CFMessagePort: bootstrap_register(): failed 1100 (0x44c) 'Permission denied', port = 0x14f3f, name = 'com.apple.tsm.portname'
See /usr/include/servers/bootstrap_defs.h for the error codes.
2018-05-03 16:14:43.040 plugin-container[2136:142377] *** CFMessagePort: bootstrap_register(): failed 1100 (0x44c) 'Permission denied', port = 0x14fd7, name = 'com.apple.coredrag'
See /usr/include/servers/bootstrap_defs.h for the error codes.
1525356883216	Marionette	INFO	Listening on port 53736
1525356883254	Marionette	WARN	TLS certificate errors will be ignored for this session
2018-05-03 16:14:43.813 plugin-container[2137:142475] *** CFMessagePort: bootstrap_register(): failed 1100 (0x44c) 'Permission denied', port = 0x15443, name = 'com.apple.tsm.portname'
See /usr/include/servers/bootstrap_defs.h for the error codes.
2018-05-03 16:14:43.936 plugin-container[2137:142475] *** CFMessagePort: bootstrap_register(): failed 1100 (0x44c) 'Permission denied', port = 0x154db, name = 'com.apple.coredrag'
See /usr/include/servers/bootstrap_defs.h for the error codes.
*** UTM:SVC TimerManager:registerTimer called after profile-before-change notification. Ignoring timer registration for id: telemetry_modules_ping
1525356913177	geckodriver	INFO	geckodriver 0.20.1
1525356913182	geckodriver	INFO	Listening on 127.0.0.1:53803
1525356914208	mozrunner::runner	INFO	Running command: "/Applications/Firefox.app/Contents/MacOS/firefox-bin" "-marionette" "-profile" "/var/folders/5f/_dh6c8j93pq4t9mwn4swxhqh0000gn/T/rust_mozprofile.Ek60KwvzsthE"
1525356914618	Marionette	INFO	Enabled via --marionette
2018-05-03 16:15:15.297 plugin-container[2152:142977] *** CFMessagePort: bootstrap_register(): failed 1100 (0x44c) 'Permission denied', port = 0xb033, name = 'com.apple.tsm.portname'
See /usr/include/servers/bootstrap_defs.h for the error codes.
2018-05-03 16:15:15.414 plugin-container[2152:142977] *** CFMessagePort: bootstrap_register(): failed 1100 (0x44c) 'Permission denied', port = 0xb0cb, name = 'com.apple.coredrag'
See /usr/include/servers/bootstrap_defs.h for the error codes.
1525356915584	Marionette	INFO	Listening on port 53814
1525356915660	Marionette	WARN	TLS certificate errors will be ignored for this session
2018-05-03 16:15:16.209 plugin-container[2153:143076] *** CFMessagePort: bootstrap_register(): failed 1100 (0x44c) 'Permission denied', port = 0xab3b, name = 'com.apple.tsm.portname'
See /usr/include/servers/bootstrap_defs.h for the error codes.
2018-05-03 16:15:16.331 plugin-container[2153:143076] *** CFMessagePort: bootstrap_register(): failed 1100 (0x44c) 'Permission denied', port = 0xab97, name = 'com.apple.coredrag'
See /usr/include/servers/bootstrap_defs.h for the error codes.
1525356950528	geckodriver	INFO	geckodriver 0.20.1
1525356950533	geckodriver	INFO	Listening on 127.0.0.1:53881
1525356951557	mozrunner::runner	INFO	Running command: "/Applications/Firefox.app/Contents/MacOS/firefox-bin" "-marionette" "-profile" "/var/folders/5f/_dh6c8j93pq4t9mwn4swxhqh0000gn/T/rust_mozprofile.pLTpa4ElkULk"
1525356951958	Marionette	INFO	Enabled via --marionette
2018-05-03 16:15:52.658 plugin-container[2170:143723] *** CFMessagePort: bootstrap_register(): failed 1100 (0x44c) 'Permission denied', port = 0xb037, name = 'com.apple.tsm.portname'
See /usr/include/servers/bootstrap_defs.h for the error codes.
2018-05-03 16:15:52.778 plugin-container[2170:143723] *** CFMessagePort: bootstrap_register(): failed 1100 (0x44c) 'Permission denied', port = 0xb053, name = 'com.apple.coredrag'
See /usr/include/servers/bootstrap_defs.h for the error codes.
1525356952970	Marionette	INFO	Listening on port 53892
1525356953000	Marionette	WARN	TLS certificate errors will be ignored for this session
2018-05-03 16:15:53.542 plugin-container[2171:143831] *** CFMessagePort: bootstrap_register(): failed 1100 (0x44c) 'Permission denied', port = 0xac3f, name = 'com.apple.tsm.portname'
See /usr/include/servers/bootstrap_defs.h for the error codes.
2018-05-03 16:15:53.665 plugin-container[2171:143831] *** CFMessagePort: bootstrap_register(): failed 1100 (0x44c) 'Permission denied', port = 0xacd7, name = 'com.apple.coredrag'
See /usr/include/servers/bootstrap_defs.h for the error codes.
*** UTM:SVC TimerManager:registerTimer called after profile-before-change notification. Ignoring timer registration for id: telemetry_modules_ping
JavaScript warning: https://static.xx.fbcdn.net/rsrc.php/v3i8ym4/yU/l/en_US/N5DUAzJUTMT.js, line 27: Error: WebGL warning: Disallowing antialiased backbuffers due to blacklisting.
2018-05-03 16:16:17.352 firefox-bin[2169:143625] IMKInputSession [0x116ebed30 presentFunctionRowItemTextInputViewWithEndpoint:completionHandler:] : [self textInputContext]=0x11bad3b20 *NO* NSRemoteViewController to client, NSError=Error Domain=NSCocoaErrorDomain Code=4097 "connection from pid 0" UserInfo={NSDebugDescription=connection from pid 0}, com.apple.inputmethod.EmojiFunctionRowItem
2018-05-03 16:16:19.386 firefox-bin[2169:143625] IMKInputSession [0x116ebed30 presentFunctionRowItemTextInputViewWithEndpoint:completionHandler:] : [self textInputContext]=0x11bad3b20 *NO* NSRemoteViewController to client, NSError=Error Domain=NSCocoaErrorDomain Code=4097 "connection from pid 0" UserInfo={NSDebugDescription=connection from pid 0}, com.apple.inputmethod.EmojiFunctionRowItem
console.warn: LoginRecipes: getRecipes: falling back to a synchronous message for: https://www.messenger.com
2018-05-03 16:16:25.875 firefox-bin[2169:143625] IMKInputSession [0x116ebed30 presentFunctionRowItemTextInputViewWithEndpoint:completionHandler:] : [self textInputContext]=0x11bad3b20 *NO* NSRemoteViewController to client, NSError=Error Domain=NSCocoaErrorDomain Code=4097 "connection from pid 0" UserInfo={NSDebugDescription=connection from pid 0}, com.apple.inputmethod.EmojiFunctionRowItem
2018-05-03 16:16:29.010 firefox-bin[2169:143625] IMKInputSession [0x116ebed30 presentFunctionRowItemTextInputViewWithEndpoint:completionHandler:] : [self textInputContext]=0x11bad3b20 *NO* NSRemoteViewController to client, NSError=Error Domain=NSCocoaErrorDomain Code=4097 "connection from pid 0" UserInfo={NSDebugDescription=connection from pid 0}, com.apple.inputmethod.EmojiFunctionRowItem
2018-05-03 16:16:31.789 firefox-bin[2169:143625] IMKInputSession [0x116ebed30 presentFunctionRowItemTextInputViewWithEndpoint:completionHandler:] : [self textInputContext]=0x11bad3b20 *NO* NSRemoteViewController to client, NSError=Error Domain=NSCocoaErrorDomain Code=4097 "connection from pid 0" UserInfo={NSDebugDescription=connection from pid 0}, com.apple.inputmethod.EmojiFunctionRowItem
JavaScript warning: https://static.xx.fbcdn.net/rsrc.php/v3i8ym4/yU/l/en_US/N5DUAzJUTMT.js, line 27: Error: WebGL warning: Disallowing antialiased backbuffers due to blacklisting.
2018-05-03 16:16:34.426 firefox-bin[2169:143625] IMKInputSession [0x116ebed30 presentFunctionRowItemTextInputViewWithEndpoint:completionHandler:] : [self textInputContext]=0x11bad3b20 *NO* NSRemoteViewController to client, NSError=Error Domain=NSCocoaErrorDomain Code=4097 "connection from pid 0" UserInfo={NSDebugDescription=connection from pid 0}, com.apple.inputmethod.EmojiFunctionRowItem
2018-05-03 16:16:41.347 firefox-bin[2169:143625] IMKInputSession [0x116ebed30 presentFunctionRowItemTextInputViewWithEndpoint:completionHandler:] : [self textInputContext]=0x11bad3b20 *NO* NSRemoteViewController to client, NSError=Error Domain=NSCocoaErrorDomain Code=4097 "connection from pid 0" UserInfo={NSDebugDescription=connection from pid 0}, com.apple.inputmethod.EmojiFunctionRowItem
console.warn: LoginRecipes: getRecipes: falling back to a synchronous message for: https://www.messenger.com
2018-05-03 16:16:53.753 firefox-bin[2169:143625] IMKInputSession [0x116ebed30 presentFunctionRowItemTextInputViewWithEndpoint:completionHandler:] : [self textInputContext]=0x11bad3b20 *NO* NSRemoteViewController to client, NSError=Error Domain=NSCocoaErrorDomain Code=4097 "connection from pid 0" UserInfo={NSDebugDescription=connection from pid 0}, com.apple.inputmethod.EmojiFunctionRowItem
2018-05-03 16:17:17.265 firefox-bin[2169:143625] IMKInputSession [0x116ebed30 presentFunctionRowItemTextInputViewWithEndpoint:completionHandler:] : [self textInputContext]=0x11bad3b20 *NO* NSRemoteViewController to client, NSError=Error Domain=NSCocoaErrorDomain Code=4097 "connection from pid 0" UserInfo={NSDebugDescription=connection from pid 0}, com.apple.inputmethod.EmojiFunctionRowItem
2018-05-03 16:17:23.246 firefox-bin[2169:143625] IMKInputSession [0x116ebed30 presentFunctionRowItemTextInputViewWithEndpoint:completionHandler:] : [self textInputContext]=0x11bad3b20 *NO* NSRemoteViewController to client, NSError=Error Domain=NSCocoaErrorDomain Code=4097 "connection from pid 0" UserInfo={NSDebugDescription=connection from pid 0}, com.apple.inputmethod.EmojiFunctionRowItem
2018-05-03 16:17:28.194 firefox-bin[2169:143625] IMKInputSession [0x116ebed30 presentFunctionRowItemTextInputViewWithEndpoint:completionHandler:] : [self textInputContext]=0x11bad3b20 *NO* NSRemoteViewController to client, NSError=Error Domain=NSCocoaErrorDomain Code=4097 "connection from pid 0" UserInfo={NSDebugDescription=connection from pid 0}, com.apple.inputmethod.EmojiFunctionRowItem
2018-05-03 16:17:33.998 firefox-bin[2169:143625] IMKInputSession [0x116ebed30 presentFunctionRowItemTextInputViewWithEndpoint:completionHandler:] : [self textInputContext]=0x11bad3b20 *NO* NSRemoteViewController to client, NSError=Error Domain=NSCocoaErrorDomain Code=4097 "connection from pid 0" UserInfo={NSDebugDescription=connection from pid 0}, com.apple.inputmethod.EmojiFunctionRowItem
console.warn: LoginRecipes: getRecipes: falling back to a synchronous message for: https://www.messenger.com
console.warn: nsLoginManager: searchLogins: `formSubmitURL` or `httpRealm` is recommended
2018-05-03 16:17:39.882 firefox-bin[2169:143625] IMKInputSession [0x116ebed30 presentFunctionRowItemTextInputViewWithEndpoint:completionHandler:] : [self textInputContext]=0x11bad3b20 *NO* NSRemoteViewController to client, NSError=Error Domain=NSCocoaErrorDomain Code=4097 "connection from pid 0" UserInfo={NSDebugDescription=connection from pid 0}, com.apple.inputmethod.EmojiFunctionRowItem
console.warn: LoginRecipes: getRecipes: falling back to a synchronous message for: https://www.messenger.com
console.warn: nsLoginManager: searchLogins: `formSubmitURL` or `httpRealm` is recommended
2018-05-03 16:17:45.524 firefox-bin[2169:143625] IMKInputSession [0x116ebed30 presentFunctionRowItemTextInputViewWithEndpoint:completionHandler:] : [self textInputContext]=0x11bad3b20 *NO* NSRemoteViewController to client, NSError=Error Domain=NSCocoaErrorDomain Code=4097 "connection from pid 0" UserInfo={NSDebugDescription=connection from pid 0}, com.apple.inputmethod.EmojiFunctionRowItem
JavaScript warning: https://static.xx.fbcdn.net/rsrc.php/v3i8ym4/yU/l/en_US/N5DUAzJUTMT.js, line 27: Error: WebGL warning: Disallowing antialiased backbuffers due to blacklisting.
2018-05-03 16:17:53.668 firefox-bin[2169:143625] IMKInputSession [0x116ebed30 presentFunctionRowItemTextInputViewWithEndpoint:completionHandler:] : [self textInputContext]=0x11bad3b20 *NO* NSRemoteViewController to client, NSError=Error Domain=NSCocoaErrorDomain Code=4097 "connection from pid 0" UserInfo={NSDebugDescription=connection from pid 0}, com.apple.inputmethod.EmojiFunctionRowItem
2018-05-03 16:17:59.037 firefox-bin[2169:143625] IMKInputSession [0x116ebed30 presentFunctionRowItemTextInputViewWithEndpoint:completionHandler:] : [self textInputContext]=0x11bad3b20 *NO* NSRemoteViewController to client, NSError=Error Domain=NSCocoaErrorDomain Code=4097 "connection from pid 0" UserInfo={NSDebugDescription=connection from pid 0}, com.apple.inputmethod.EmojiFunctionRowItem
2018-05-03 16:18:00.261 plugin-container[2182:145056] *** CFMessagePort: bootstrap_register(): failed 1100 (0x44c) 'Permission denied', port = 0x15333, name = 'com.apple.tsm.portname'
See /usr/include/servers/bootstrap_defs.h for the error codes.
2018-05-03 16:18:00.374 plugin-container[2182:145056] *** CFMessagePort: bootstrap_register(): failed 1100 (0x44c) 'Permission denied', port = 0x153cb, name = 'com.apple.coredrag'
See /usr/include/servers/bootstrap_defs.h for the error codes.
2018-05-03 16:18:14.438 firefox-bin[2169:143625] IMKInputSession [0x116ebed30 presentFunctionRowItemTextInputViewWithEndpoint:completionHandler:] : [self textInputContext]=0x11bad3b20 *NO* NSRemoteViewController to client, NSError=Error Domain=NSCocoaErrorDomain Code=4097 "connection from pid 0" UserInfo={NSDebugDescription=connection from pid 0}, com.apple.inputmethod.EmojiFunctionRowItem
2018-05-03 16:18:32.697 firefox-bin[2169:143625] IMKInputSession [0x116ebed30 presentFunctionRowItemTextInputViewWithEndpoint:completionHandler:] : [self textInputContext]=0x11bad3b20 *NO* NSRemoteViewController to client, NSError=Error Domain=NSCocoaErrorDomain Code=4097 "connection from pid 0" UserInfo={NSDebugDescription=connection from pid 0}, com.apple.inputmethod.EmojiFunctionRowItem
console.warn: LoginRecipes: getRecipes: falling back to a synchronous message for: https://www.messenger.com
2018-05-03 16:18:38.320 firefox-bin[2169:143625] IMKInputSession [0x116ebed30 presentFunctionRowItemTextInputViewWithEndpoint:completionHandler:] : [self textInputContext]=0x11bad3b20 *NO* NSRemoteViewController to client, NSError=Error Domain=NSCocoaErrorDomain Code=4097 "connection from pid 0" UserInfo={NSDebugDescription=connection from pid 0}, com.apple.inputmethod.EmojiFunctionRowItem
console.warn: LoginRecipes: getRecipes: falling back to a synchronous message for: https://www.messenger.com
1525357208599	geckodriver	INFO	geckodriver 0.20.1
1525357208604	geckodriver	INFO	Listening on 127.0.0.1:54015
1525357209630	mozrunner::runner	INFO	Running command: "/Applications/Firefox.app/Contents/MacOS/firefox-bin" "-marionette" "-profile" "/var/folders/5f/_dh6c8j93pq4t9mwn4swxhqh0000gn/T/rust_mozprofile.G1vOttwlDrzy"
1525357210044	Marionette	INFO	Enabled via --marionette
2018-05-03 16:20:10.734 plugin-container[2188:146051] *** CFMessagePort: bootstrap_register(): failed 1100 (0x44c) 'Permission denied', port = 0x15437, name = 'com.apple.tsm.portname'
See /usr/include/servers/bootstrap_defs.h for the error codes.
2018-05-03 16:20:10.854 plugin-container[2188:146051] *** CFMessagePort: bootstrap_register(): failed 1100 (0x44c) 'Permission denied', port = 0x15453, name = 'com.apple.coredrag'
See /usr/include/servers/bootstrap_defs.h for the error codes.
1525357211022	Marionette	INFO	Listening on port 54026
1525357211076	Marionette	WARN	TLS certificate errors will be ignored for this session
2018-05-03 16:20:11.630 plugin-container[2189:146149] *** CFMessagePort: bootstrap_register(): failed 1100 (0x44c) 'Permission denied', port = 0xac37, name = 'com.apple.tsm.portname'
See /usr/include/servers/bootstrap_defs.h for the error codes.
2018-05-03 16:20:11.751 plugin-container[2189:146149] *** CFMessagePort: bootstrap_register(): failed 1100 (0x44c) 'Permission denied', port = 0xac97, name = 'com.apple.coredrag'
See /usr/include/servers/bootstrap_defs.h for the error codes.
2018-05-03 16:21:10.381 firefox-bin[2169:143625] IMKInputSession [0x116ebed30 presentFunctionRowItemTextInputViewWithEndpoint:completionHandler:] : [self textInputContext]=0x11bad3b20 *NO* NSRemoteViewController to client, NSError=Error Domain=NSCocoaErrorDomain Code=4097 "connection from pid 0" UserInfo={NSDebugDescription=connection from pid 0}, com.apple.inputmethod.EmojiFunctionRowItem
2018-05-03 16:21:14.962 firefox-bin[2169:143625] IMKInputSession [0x116ebed30 presentFunctionRowItemTextInputViewWithEndpoint:completionHandler:] : [self textInputContext]=0x11bad3b20 *NO* NSRemoteViewController to client, NSError=Error Domain=NSCocoaErrorDomain Code=4097 "connection from pid 0" UserInfo={NSDebugDescription=connection from pid 0}, com.apple.inputmethod.EmojiFunctionRowItem
JavaScript warning: https://static.xx.fbcdn.net/rsrc.php/v3i8ym4/yU/l/en_US/N5DUAzJUTMT.js, line 27: Error: WebGL warning: Disallowing antialiased backbuffers due to blacklisting.
2018-05-03 16:21:18.573 firefox-bin[2169:143625] IMKInputSession [0x116ebed30 presentFunctionRowItemTextInputViewWithEndpoint:completionHandler:] : [self textInputContext]=0x11bad3b20 *NO* NSRemoteViewController to client, NSError=Error Domain=NSCocoaErrorDomain Code=4097 "connection from pid 0" UserInfo={NSDebugDescription=connection from pid 0}, com.apple.inputmethod.EmojiFunctionRowItem
2018-05-03 16:21:19.766 firefox-bin[2169:143625] IMKInputSession [0x116ebed30 presentFunctionRowItemTextInputViewWithEndpoint:completionHandler:] : [self textInputContext]=0x11bad3b20 *NO* NSRemoteViewController to client, NSError=Error Domain=NSCocoaErrorDomain Code=4097 "connection from pid 0" UserInfo={NSDebugDescription=connection from pid 0}, com.apple.inputmethod.EmojiFunctionRowItem
2018-05-03 16:21:21.559 firefox-bin[2169:143625] IMKInputSession [0x116ebed30 presentFunctionRowItemTextInputViewWithEndpoint:completionHandler:] : [self textInputContext]=0x11bad3b20 *NO* NSRemoteViewController to client, NSError=Error Domain=NSCocoaErrorDomain Code=4097 "connection from pid 0" UserInfo={NSDebugDescription=connection from pid 0}, com.apple.inputmethod.EmojiFunctionRowItem
1525357295139	geckodriver	INFO	geckodriver 0.20.1
1525357295143	geckodriver	INFO	Listening on 127.0.0.1:54145
1525357296168	mozrunner::runner	INFO	Running command: "/Applications/Firefox.app/Contents/MacOS/firefox-bin" "-marionette" "-profile" "/var/folders/5f/_dh6c8j93pq4t9mwn4swxhqh0000gn/T/rust_mozprofile.dIUEcCJMP2HB"
1525357296582	Marionette	INFO	Enabled via --marionette
2018-05-03 16:21:37.283 plugin-container[2213:146933] *** CFMessagePort: bootstrap_register(): failed 1100 (0x44c) 'Permission denied', port = 0x15137, name = 'com.apple.tsm.portname'
See /usr/include/servers/bootstrap_defs.h for the error codes.
2018-05-03 16:21:37.402 plugin-container[2213:146933] *** CFMessagePort: bootstrap_register(): failed 1100 (0x44c) 'Permission denied', port = 0x15193, name = 'com.apple.coredrag'
See /usr/include/servers/bootstrap_defs.h for the error codes.
1525357297560	Marionette	INFO	Listening on port 54156
1525357297614	Marionette	WARN	TLS certificate errors will be ignored for this session
2018-05-03 16:21:38.193 plugin-container[2214:147024] *** CFMessagePort: bootstrap_register(): failed 1100 (0x44c) 'Permission denied', port = 0x1533b, name = 'com.apple.tsm.portname'
See /usr/include/servers/bootstrap_defs.h for the error codes.
2018-05-03 16:21:38.315 plugin-container[2214:147024] *** CFMessagePort: bootstrap_register(): failed 1100 (0x44c) 'Permission denied', port = 0x1531b, name = 'com.apple.coredrag'
See /usr/include/servers/bootstrap_defs.h for the error codes.
[GFX1-]: Receive IPC close with reason=AbnormalShutdown
[GFX1-]: Receive IPC close with reason=AbnormalShutdown
1525357305907	geckodriver	INFO	geckodriver 0.20.1
1525357305912	geckodriver	INFO	Listening on 127.0.0.1:54217
1525357306928	mozrunner::runner	INFO	Running command: "/Applications/Firefox.app/Contents/MacOS/firefox-bin" "-marionette" "-profile" "/var/folders/5f/_dh6c8j93pq4t9mwn4swxhqh0000gn/T/rust_mozprofile.EYbqf6995mRF"
1525357307342	Marionette	INFO	Enabled via --marionette
2018-05-03 16:21:48.038 plugin-container[2229:147804] *** CFMessagePort: bootstrap_register(): failed 1100 (0x44c) 'Permission denied', port = 0xaf3f, name = 'com.apple.tsm.portname'
See /usr/include/servers/bootstrap_defs.h for the error codes.
2018-05-03 16:21:48.157 plugin-container[2229:147804] *** CFMessagePort: bootstrap_register(): failed 1100 (0x44c) 'Permission denied', port = 0xaf1b, name = 'com.apple.coredrag'
See /usr/include/servers/bootstrap_defs.h for the error codes.
1525357308326	Marionette	INFO	Listening on port 54228
1525357308376	Marionette	WARN	TLS certificate errors will be ignored for this session
2018-05-03 16:21:48.929 plugin-container[2230:147894] *** CFMessagePort: bootstrap_register(): failed 1100 (0x44c) 'Permission denied', port = 0xac0b, name = 'com.apple.tsm.portname'
See /usr/include/servers/bootstrap_defs.h for the error codes.
2018-05-03 16:21:49.053 plugin-container[2230:147894] *** CFMessagePort: bootstrap_register(): failed 1100 (0x44c) 'Permission denied', port = 0xaca3, name = 'com.apple.coredrag'
See /usr/include/servers/bootstrap_defs.h for the error codes.
2018-05-03 16:22:08.190 firefox-bin[2228:147702] IMKInputSession [0x1239183a0 presentFunctionRowItemTextInputViewWithEndpoint:completionHandler:] : [self textInputContext]=0x119231fa0 *NO* NSRemoteViewController to client, NSError=Error Domain=NSCocoaErrorDomain Code=4097 "connection from pid 0" UserInfo={NSDebugDescription=connection from pid 0}, com.apple.inputmethod.EmojiFunctionRowItem
2018-05-03 16:22:09.791 firefox-bin[2228:147702] IMKInputSession [0x1239183a0 presentFunctionRowItemTextInputViewWithEndpoint:completionHandler:] : [self textInputContext]=0x119231fa0 *NO* NSRemoteViewController to client, NSError=Error Domain=NSCocoaErrorDomain Code=4097 "connection from pid 0" UserInfo={NSDebugDescription=connection from pid 0}, com.apple.inputmethod.EmojiFunctionRowItem
2018-05-03 16:22:23.461 firefox-bin[2228:147702] IMKInputSession [0x1239183a0 presentFunctionRowItemTextInputViewWithEndpoint:completionHandler:] : [self textInputContext]=0x119231fa0 *NO* NSRemoteViewController to client, NSError=Error Domain=NSCocoaErrorDomain Code=4097 "connection from pid 0" UserInfo={NSDebugDescription=connection from pid 0}, com.apple.inputmethod.EmojiFunctionRowItem
2018-05-03 16:22:23.467 firefox-bin[2228:147702] IMKInputSession [0x1239183a0 presentFunctionRowItemTextInputViewWithEndpoint:completionHandler:] : [self textInputContext]=0x119231fa0 *NO* NSRemoteViewController to client, NSError=Error Domain=NSCocoaErrorDomain Code=4097 "connection from pid 0" UserInfo={NSDebugDescription=connection from pid 0}, com.apple.inputmethod.EmojiFunctionRowItem
2018-05-03 16:22:27.224 firefox-bin[2228:147702] IMKInputSession [0x1239183a0 presentFunctionRowItemTextInputViewWithEndpoint:completionHandler:] : [self textInputContext]=0x119231fa0 *NO* NSRemoteViewController to client, NSError=Error Domain=NSCocoaErrorDomain Code=4097 "connection from pid 0" UserInfo={NSDebugDescription=connection from pid 0}, com.apple.inputmethod.EmojiFunctionRowItem
*** UTM:SVC TimerManager:registerTimer called after profile-before-change notification. Ignoring timer registration for id: telemetry_modules_ping
1525357350587	geckodriver	INFO	geckodriver 0.20.1
1525357350592	geckodriver	INFO	Listening on 127.0.0.1:54301
1525357351619	mozrunner::runner	INFO	Running command: "/Applications/Firefox.app/Contents/MacOS/firefox-bin" "-marionette" "-profile" "/var/folders/5f/_dh6c8j93pq4t9mwn4swxhqh0000gn/T/rust_mozprofile.xkjJuQdsVgGF"
1525357352028	Marionette	INFO	Enabled via --marionette
2018-05-03 16:22:32.708 plugin-container[2254:148626] *** CFMessagePort: bootstrap_register(): failed 1100 (0x44c) 'Permission denied', port = 0x14f33, name = 'com.apple.tsm.portname'
See /usr/include/servers/bootstrap_defs.h for the error codes.
2018-05-03 16:22:32.827 plugin-container[2254:148626] *** CFMessagePort: bootstrap_register(): failed 1100 (0x44c) 'Permission denied', port = 0x14f8b, name = 'com.apple.coredrag'
See /usr/include/servers/bootstrap_defs.h for the error codes.
1525357352994	Marionette	INFO	Listening on port 54312
1525357353064	Marionette	WARN	TLS certificate errors will be ignored for this session
2018-05-03 16:22:33.617 plugin-container[2255:148720] *** CFMessagePort: bootstrap_register(): failed 1100 (0x44c) 'Permission denied', port = 0x1543f, name = 'com.apple.tsm.portname'
See /usr/include/servers/bootstrap_defs.h for the error codes.
2018-05-03 16:22:33.739 plugin-container[2255:148720] *** CFMessagePort: bootstrap_register(): failed 1100 (0x44c) 'Permission denied', port = 0x154d7, name = 'com.apple.coredrag'
See /usr/include/servers/bootstrap_defs.h for the error codes.
2018-05-03 16:23:03.024 firefox-bin[2253:148546] IMKInputSession [0x1197e2ee0 presentFunctionRowItemTextInputViewWithEndpoint:completionHandler:] : [self textInputContext]=0x1226ca6a0 *NO* NSRemoteViewController to client, NSError=Error Domain=NSCocoaErrorDomain Code=4097 "connection from pid 0" UserInfo={NSDebugDescription=connection from pid 0}, com.apple.inputmethod.EmojiFunctionRowItem
2018-05-03 16:23:05.824 firefox-bin[2253:148546] IMKInputSession [0x1197e2ee0 presentFunctionRowItemTextInputViewWithEndpoint:completionHandler:] : [self textInputContext]=0x1226ca6a0 *NO* NSRemoteViewController to client, NSError=Error Domain=NSCocoaErrorDomain Code=4097 "connection from pid 0" UserInfo={NSDebugDescription=connection from pid 0}, com.apple.inputmethod.EmojiFunctionRowItem
2018-05-03 16:23:07.875 firefox-bin[2253:148546] IMKInputSession [0x1197e2ee0 presentFunctionRowItemTextInputViewWithEndpoint:completionHandler:] : [self textInputContext]=0x1226ca6a0 *NO* NSRemoteViewController to client, NSError=Error Domain=NSCocoaErrorDomain Code=4097 "connection from pid 0" UserInfo={NSDebugDescription=connection from pid 0}, com.apple.inputmethod.EmojiFunctionRowItem
JavaScript warning: https://static.xx.fbcdn.net/rsrc.php/v3i8ym4/yU/l/en_US/N5DUAzJUTMT.js, line 27: Error: WebGL warning: Disallowing antialiased backbuffers due to blacklisting.
2018-05-03 16:23:13.596 firefox-bin[2253:148546] IMKInputSession [0x1197e2ee0 presentFunctionRowItemTextInputViewWithEndpoint:completionHandler:] : [self textInputContext]=0x1226ca6a0 *NO* NSRemoteViewController to client, NSError=Error Domain=NSCocoaErrorDomain Code=4097 "connection from pid 0" UserInfo={NSDebugDescription=connection from pid 0}, com.apple.inputmethod.EmojiFunctionRowItem
1525357409797	geckodriver	INFO	geckodriver 0.20.1
1525357409802	geckodriver	INFO	Listening on 127.0.0.1:54397
1525357410828	mozrunner::runner	INFO	Running command: "/Applications/Firefox.app/Contents/MacOS/firefox-bin" "-marionette" "-profile" "/var/folders/5f/_dh6c8j93pq4t9mwn4swxhqh0000gn/T/rust_mozprofile.QMnSW5qb43h9"
1525357411246	Marionette	INFO	Enabled via --marionette
2018-05-03 16:23:31.965 plugin-container[2270:149361] *** CFMessagePort: bootstrap_register(): failed 1100 (0x44c) 'Permission denied', port = 0xb03f, name = 'com.apple.tsm.portname'
See /usr/include/servers/bootstrap_defs.h for the error codes.
2018-05-03 16:23:32.092 plugin-container[2270:149361] *** CFMessagePort: bootstrap_register(): failed 1100 (0x44c) 'Permission denied', port = 0xb01f, name = 'com.apple.coredrag'
See /usr/include/servers/bootstrap_defs.h for the error codes.
1525357412262	Marionette	INFO	Listening on port 54408
1525357412268	Marionette	WARN	TLS certificate errors will be ignored for this session
2018-05-03 16:23:33.094 plugin-container[2271:149461] *** CFMessagePort: bootstrap_register(): failed 1100 (0x44c) 'Permission denied', port = 0x1533f, name = 'com.apple.tsm.portname'
See /usr/include/servers/bootstrap_defs.h for the error codes.
2018-05-03 16:23:33.221 plugin-container[2271:149461] *** CFMessagePort: bootstrap_register(): failed 1100 (0x44c) 'Permission denied', port = 0x1531b, name = 'com.apple.coredrag'
See /usr/include/servers/bootstrap_defs.h for the error codes.
JavaScript warning: https://static.xx.fbcdn.net/rsrc.php/v3i8ym4/yU/l/en_US/N5DUAzJUTMT.js, line 27: Error: WebGL warning: Disallowing antialiased backbuffers due to blacklisting.
1525357483769	geckodriver	INFO	geckodriver 0.20.1
1525357483775	geckodriver	INFO	Listening on 127.0.0.1:54493
1525357484797	mozrunner::runner	INFO	Running command: "/Applications/Firefox.app/Contents/MacOS/firefox-bin" "-marionette" "-profile" "/var/folders/5f/_dh6c8j93pq4t9mwn4swxhqh0000gn/T/rust_mozprofile.UdxXGnrgH3cz"
1525357485214	Marionette	INFO	Enabled via --marionette
2018-05-03 16:24:45.932 plugin-container[2286:150290] *** CFMessagePort: bootstrap_register(): failed 1100 (0x44c) 'Permission denied', port = 0xaf3f, name = 'com.apple.tsm.portname'
See /usr/include/servers/bootstrap_defs.h for the error codes.
2018-05-03 16:24:46.052 plugin-container[2286:150290] *** CFMessagePort: bootstrap_register(): failed 1100 (0x44c) 'Permission denied', port = 0xaf5b, name = 'com.apple.coredrag'
See /usr/include/servers/bootstrap_defs.h for the error codes.
1525357486272	Marionette	INFO	Listening on port 54504
1525357486340	Marionette	WARN	TLS certificate errors will be ignored for this session
2018-05-03 16:24:46.820 plugin-container[2287:150381] *** CFMessagePort: bootstrap_register(): failed 1100 (0x44c) 'Permission denied', port = 0xac0b, name = 'com.apple.tsm.portname'
See /usr/include/servers/bootstrap_defs.h for the error codes.
2018-05-03 16:24:46.943 plugin-container[2287:150381] *** CFMessagePort: bootstrap_register(): failed 1100 (0x44c) 'Permission denied', port = 0xaca7, name = 'com.apple.coredrag'
See /usr/include/servers/bootstrap_defs.h for the error codes.
[Child 2270, Chrome_ChildThread] WARNING: pipe error: Broken pipe: file /builds/worker/workspace/build/src/ipc/chromium/src/chrome/common/ipc_channel_posix.cc, line 709
JavaScript warning: https://static.xx.fbcdn.net/rsrc.php/v3i8ym4/yU/l/en_US/N5DUAzJUTMT.js, line 27: Error: WebGL warning: Disallowing antialiased backbuffers due to blacklisting.
2018-05-03 16:26:10.625 firefox-bin[2169:143625] IMKInputSession [0x116ebed30 presentFunctionRowItemTextInputViewWithEndpoint:completionHandler:] : [self textInputContext]=0x11bad3b20 *NO* NSRemoteViewController to client, NSError=Error Domain=NSCocoaErrorDomain Code=4097 "connection from pid 0" UserInfo={NSDebugDescription=connection from pid 0}, com.apple.inputmethod.EmojiFunctionRowItem
2018-05-03 16:26:10.632 firefox-bin[2169:143625] IMKInputSession [0x116ebed30 presentFunctionRowItemTextInputViewWithEndpoint:completionHandler:] : [self textInputContext]=0x11bad3b20 *NO* NSRemoteViewController to client, NSError=Error Domain=NSCocoaErrorDomain Code=4097 "connection from pid 0" UserInfo={NSDebugDescription=connection from pid 0}, com.apple.inputmethod.EmojiFunctionRowItem
2018-05-03 16:26:12.375 firefox-bin[2169:143625] IMKInputSession [0x116ebed30 presentFunctionRowItemTextInputViewWithEndpoint:completionHandler:] : [self textInputContext]=0x11bad3b20 *NO* NSRemoteViewController to client, NSError=Error Domain=NSCocoaErrorDomain Code=4097 "connection from pid 0" UserInfo={NSDebugDescription=connection from pid 0}, com.apple.inputmethod.EmojiFunctionRowItem
2018-05-03 16:26:37.772 firefox-bin[2169:143625] IMKInputSession [0x116ebed30 presentFunctionRowItemTextInputViewWithEndpoint:completionHandler:] : [self textInputContext]=0x11bad3b20 *NO* NSRemoteViewController to client, NSError=Error Domain=NSCocoaErrorDomain Code=4097 "connection from pid 0" UserInfo={NSDebugDescription=connection from pid 0}, com.apple.inputmethod.EmojiFunctionRowItem
IPDL protocol error: Handler returned error code!

###!!! [Parent][DispatchAsyncMessage] Error: PLayerTransaction::Msg_ReleaseLayer Processing error: message was deserialized, but the handler returned false (indicating failure)

1525357661266	geckodriver	INFO	geckodriver 0.20.1
1525357661271	geckodriver	INFO	Listening on 127.0.0.1:54598
1525357662297	mozrunner::runner	INFO	Running command: "/Applications/Firefox.app/Contents/MacOS/firefox-bin" "-marionette" "-profile" "/var/folders/5f/_dh6c8j93pq4t9mwn4swxhqh0000gn/T/rust_mozprofile.Sb6KFW1XvKcB"
1525357662706	Marionette	INFO	Enabled via --marionette
2018-05-03 16:27:43.397 plugin-container[2304:151961] *** CFMessagePort: bootstrap_register(): failed 1100 (0x44c) 'Permission denied', port = 0xb02f, name = 'com.apple.tsm.portname'
See /usr/include/servers/bootstrap_defs.h for the error codes.
2018-05-03 16:27:43.518 plugin-container[2304:151961] *** CFMessagePort: bootstrap_register(): failed 1100 (0x44c) 'Permission denied', port = 0x1527b, name = 'com.apple.coredrag'
See /usr/include/servers/bootstrap_defs.h for the error codes.
1525357663684	Marionette	INFO	Listening on port 54609
1525357663758	Marionette	WARN	TLS certificate errors will be ignored for this session
2018-05-03 16:27:44.306 plugin-container[2305:152064] *** CFMessagePort: bootstrap_register(): failed 1100 (0x44c) 'Permission denied', port = 0xab37, name = 'com.apple.tsm.portname'
See /usr/include/servers/bootstrap_defs.h for the error codes.
2018-05-03 16:27:44.433 plugin-container[2305:152064] *** CFMessagePort: bootstrap_register(): failed 1100 (0x44c) 'Permission denied', port = 0xab13, name = 'com.apple.coredrag'
See /usr/include/servers/bootstrap_defs.h for the error codes.
JavaScript warning: https://static.xx.fbcdn.net/rsrc.php/v3i8ym4/yU/l/en_US/N5DUAzJUTMT.js, line 27: Error: WebGL warning: Disallowing antialiased backbuffers due to blacklisting.
2018-05-03 16:28:44.290 firefox-bin[2169:143625] IMKInputSession [0x116ebed30 presentFunctionRowItemTextInputViewWithEndpoint:completionHandler:] : [self textInputContext]=0x11bad3b20 *NO* NSRemoteViewController to client, NSError=Error Domain=NSCocoaErrorDomain Code=4097 "connection from pid 0" UserInfo={NSDebugDescription=connection from pid 0}, com.apple.inputmethod.EmojiFunctionRowItem
2018-05-03 16:28:46.834 firefox-bin[2303:151870] IMKInputSession [0x11ceff430 presentFunctionRowItemTextInputViewWithEndpoint:completionHandler:] : [self textInputContext]=0x1261f4dc0 *NO* NSRemoteViewController to client, NSError=Error Domain=NSCocoaErrorDomain Code=4097 "connection from pid 0" UserInfo={NSDebugDescription=connection from pid 0}, com.apple.inputmethod.EmojiFunctionRowItem
console.warn: LoginRecipes: getRecipes: falling back to a synchronous message for: https://www.messenger.com
2018-05-03 16:29:03.169 firefox-bin[2169:143625] IMKInputSession [0x116ebed30 presentFunctionRowItemTextInputViewWithEndpoint:completionHandler:] : [self textInputContext]=0x11bad3b20 *NO* NSRemoteViewController to client, NSError=Error Domain=NSCocoaErrorDomain Code=4097 "connection from pid 0" UserInfo={NSDebugDescription=connection from pid 0}, com.apple.inputmethod.EmojiFunctionRowItem
2018-05-03 16:29:27.961 firefox-bin[2169:143625] IMKInputSession [0x116ebed30 presentFunctionRowItemTextInputViewWithEndpoint:completionHandler:] : [self textInputContext]=0x11bad3b20 *NO* NSRemoteViewController to client, NSError=Error Domain=NSCocoaErrorDomain Code=4097 "connection from pid 0" UserInfo={NSDebugDescription=connection from pid 0}, com.apple.inputmethod.EmojiFunctionRowItem
console.warn: LoginRecipes: getRecipes: falling back to a synchronous message for: https://www.messenger.com
2018-05-03 16:29:30.374 firefox-bin[2169:143625] IMKInputSession [0x116ebed30 presentFunctionRowItemTextInputViewWithEndpoint:completionHandler:] : [self textInputContext]=0x11bad3b20 *NO* NSRemoteViewController to client, NSError=Error Domain=NSCocoaErrorDomain Code=4097 "connection from pid 0" UserInfo={NSDebugDescription=connection from pid 0}, com.apple.inputmethod.EmojiFunctionRowItem
2018-05-03 16:30:05.138 firefox-bin[2303:151870] IMKInputSession [0x11ceff430 presentFunctionRowItemTextInputViewWithEndpoint:completionHandler:] : [self textInputContext]=0x1261f4dc0 *NO* NSRemoteViewController to client, NSError=Error Domain=NSCocoaErrorDomain Code=4097 "connection from pid 0" UserInfo={NSDebugDescription=connection from pid 0}, com.apple.inputmethod.EmojiFunctionRowItem
1525357808947	geckodriver	INFO	geckodriver 0.20.1
1525357808952	geckodriver	INFO	Listening on 127.0.0.1:54689
1525357809973	mozrunner::runner	INFO	Running command: "/Applications/Firefox.app/Contents/MacOS/firefox-bin" "-marionette" "-profile" "/var/folders/5f/_dh6c8j93pq4t9mwn4swxhqh0000gn/T/rust_mozprofile.LjNlnMQRtznU"
1525357810402	Marionette	INFO	Enabled via --marionette
2018-05-03 16:30:11.117 plugin-container[2321:153795] *** CFMessagePort: bootstrap_register(): failed 1100 (0x44c) 'Permission denied', port = 0xb133, name = 'com.apple.tsm.portname'
See /usr/include/servers/bootstrap_defs.h for the error codes.
2018-05-03 16:30:11.241 plugin-container[2321:153795] *** CFMessagePort: bootstrap_register(): failed 1100 (0x44c) 'Permission denied', port = 0xb1cb, name = 'com.apple.coredrag'
See /usr/include/servers/bootstrap_defs.h for the error codes.
1525357811454	Marionette	INFO	Listening on port 54700
1525357811524	Marionette	WARN	TLS certificate errors will be ignored for this session
2018-05-03 16:30:12.011 plugin-container[2322:153891] *** CFMessagePort: bootstrap_register(): failed 1100 (0x44c) 'Permission denied', port = 0xab37, name = 'com.apple.tsm.portname'
See /usr/include/servers/bootstrap_defs.h for the error codes.
2018-05-03 16:30:12.090 firefox-bin[2303:151870] IMKInputSession [0x11ceff430 presentFunctionRowItemTextInputViewWithEndpoint:completionHandler:] : [self textInputContext]=0x1261f4dc0 *NO* NSRemoteViewController to client, NSError=Error Domain=NSCocoaErrorDomain Code=4097 "connection from pid 0" UserInfo={NSDebugDescription=connection from pid 0}, com.apple.inputmethod.EmojiFunctionRowItem
2018-05-03 16:30:12.137 plugin-container[2322:153891] *** CFMessagePort: bootstrap_register(): failed 1100 (0x44c) 'Permission denied', port = 0x154af, name = 'com.apple.coredrag'
See /usr/include/servers/bootstrap_defs.h for the error codes.
2018-05-03 16:30:13.361 firefox-bin[2303:151870] IMKInputSession [0x11ceff430 presentFunctionRowItemTextInputViewWithEndpoint:completionHandler:] : [self textInputContext]=0x1261f4dc0 *NO* NSRemoteViewController to client, NSError=Error Domain=NSCocoaErrorDomain Code=4097 "connection from pid 0" UserInfo={NSDebugDescription=connection from pid 0}, com.apple.inputmethod.EmojiFunctionRowItem
Handler function NetworkEventActorProxy.addSecurityInfo threw an exception: [Exception... "Component returned failure code: 0xc1f30001 (NS_ERROR_NOT_INITIALIZED) [nsIMessageSender.sendAsyncMessage]"  nsresult: "0xc1f30001 (NS_ERROR_NOT_INITIALIZED)"  location: "JS frame :: resource://devtools/shared/base-loader.js -> resource://devtools/shared/webconsole/network-monitor.js :: NetworkEventActorProxy.methodFactory/< :: line 1875"  data: no]
Stack: NetworkEventActorProxy.methodFactory/<@resource://devtools/shared/base-loader.js -> resource://devtools/shared/webconsole/network-monitor.js:1875:5
exports.makeInfallible/<@resource://devtools/shared/base-loader.js -> resource://devtools/shared/ThreadSafeDevToolsUtils.js:109:14
NetworkResponseListener.prototype._getSecurityInfo<@resource://devtools/shared/base-loader.js -> resource://devtools/shared/webconsole/network-monitor.js:521:5
exports.makeInfallible/<@resource://devtools/shared/base-loader.js -> resource://devtools/shared/ThreadSafeDevToolsUtils.js:109:14
onStartRequest@resource://devtools/shared/base-loader.js -> resource://devtools/shared/webconsole/network-monitor.js:441:5
Line: 1875, column: 0
console.error: 
  Handler function NetworkEventActorProxy.addSecurityInfo threw an exception: [Exception... "Component returned failure code: 0xc1f30001 (NS_ERROR_NOT_INITIALIZED) [nsIMessageSender.sendAsyncMessage]"  nsresult: "0xc1f30001 (NS_ERROR_NOT_INITIALIZED)"  location: "JS frame :: resource://devtools/shared/base-loader.js -> resource://devtools/shared/webconsole/network-monitor.js :: NetworkEventActorProxy.methodFactory/< :: line 1875"  data: no]
Stack: NetworkEventActorProxy.methodFactory/<@resource://devtools/shared/base-loader.js -> resource://devtools/shared/webconsole/network-monitor.js:1875:5
exports.makeInfallible/<@resource://devtools/shared/base-loader.js -> resource://devtools/shared/ThreadSafeDevToolsUtils.js:109:14
NetworkResponseListener.prototype._getSecurityInfo<@resource://devtools/shared/base-loader.js -> resource://devtools/shared/webconsole/network-monitor.js:521:5
exports.makeInfallible/<@resource://devtools/shared/base-loader.js -> resource://devtools/shared/ThreadSafeDevToolsUtils.js:109:14
onStartRequest@resource://devtools/shared/base-loader.js -> resource://devtools/shared/webconsole/network-monitor.js:441:5
Line: 1875, column: 0
Handler function NetworkEventActorProxy.addResponseContent threw an exception: [Exception... "Component returned failure code: 0xc1f30001 (NS_ERROR_NOT_INITIALIZED) [nsIMessageSender.sendAsyncMessage]"  nsresult: "0xc1f30001 (NS_ERROR_NOT_INITIALIZED)"  location: "JS frame :: resource://devtools/shared/base-loader.js -> resource://devtools/shared/webconsole/network-monitor.js :: NetworkEventActorProxy.methodFactory/< :: line 1875"  data: no]
Stack: NetworkEventActorProxy.methodFactory/<@resource://devtools/shared/base-loader.js -> resource://devtools/shared/webconsole/network-monitor.js:1875:5
exports.makeInfallible/<@resource://devtools/shared/base-loader.js -> resource://devtools/shared/ThreadSafeDevToolsUtils.js:109:14
_onComplete@resource://devtools/shared/base-loader.js -> resource://devtools/shared/webconsole/network-monitor.js:651:5
onStreamClose@resource://devtools/shared/base-loader.js -> resource://devtools/shared/webconsole/network-monitor.js:608:7
onInputStreamReady@resource://devtools/shared/base-loader.js -> resource://devtools/shared/webconsole/network-monitor.js:702:7
Line: 1875, column: 0
console.error: 
  Handler function NetworkEventActorProxy.addResponseContent threw an exception: [Exception... "Component returned failure code: 0xc1f30001 (NS_ERROR_NOT_INITIALIZED) [nsIMessageSender.sendAsyncMessage]"  nsresult: "0xc1f30001 (NS_ERROR_NOT_INITIALIZED)"  location: "JS frame :: resource://devtools/shared/base-loader.js -> resource://devtools/shared/webconsole/network-monitor.js :: NetworkEventActorProxy.methodFactory/< :: line 1875"  data: no]
Stack: NetworkEventActorProxy.methodFactory/<@resource://devtools/shared/base-loader.js -> resource://devtools/shared/webconsole/network-monitor.js:1875:5
exports.makeInfallible/<@resource://devtools/shared/base-loader.js -> resource://devtools/shared/ThreadSafeDevToolsUtils.js:109:14
_onComplete@resource://devtools/shared/base-loader.js -> resource://devtools/shared/webconsole/network-monitor.js:651:5
onStreamClose@resource://devtools/shared/base-loader.js -> resource://devtools/shared/webconsole/network-monitor.js:608:7
onInputStreamReady@resource://devtools/shared/base-loader.js -> resource://devtools/shared/webconsole/network-monitor.js:702:7
Line: 1875, column: 0
IPDL protocol error: Handler returned error code!

###!!! [Parent][DispatchAsyncMessage] Error: PLayerTransaction::Msg_ReleaseLayer Processing error: message was deserialized, but the handler returned false (indicating failure)

IPDL protocol error: Handler returned error code!

###!!! [Parent][DispatchAsyncMessage] Error: PLayerTransaction::Msg_ReleaseLayer Processing error: message was deserialized, but the handler returned false (indicating failure)

IPDL protocol error: Handler returned error code!

###!!! [Parent][DispatchAsyncMessage] Error: PLayerTransaction::Msg_ReleaseLayer Processing error: message was deserialized, but the handler returned false (indicating failure)

IPDL protocol error: Handler returned error code!

###!!! [Parent][DispatchAsyncMessage] Error: PLayerTransaction::Msg_ReleaseLayer Processing error: message was deserialized, but the handler returned false (indicating failure)

IPDL protocol error: Handler returned error code!

###!!! [Parent][DispatchAsyncMessage] Error: PLayerTransaction::Msg_ReleaseLayer Processing error: message was deserialized, but the handler returned false (indicating failure)

IPDL protocol error: Handler returned error code!

###!!! [Parent][DispatchAsyncMessage] Error: PLayerTransaction::Msg_ReleaseLayer Processing error: message was deserialized, but the handler returned false (indicating failure)

IPDL protocol error: Handler returned error code!

###!!! [Parent][DispatchAsyncMessage] Error: PLayerTransaction::Msg_ReleaseLayer Processing error: message was deserialized, but the handler returned false (indicating failure)

IPDL protocol error: Handler returned error code!

###!!! [Parent][DispatchAsyncMessage] Error: PLayerTransaction::Msg_ReleaseLayer Processing error: message was deserialized, but the handler returned false (indicating failure)

IPDL protocol error: Handler returned error code!

###!!! [Parent][DispatchAsyncMessage] Error: PLayerTransaction::Msg_ReleaseLayer Processing error: message was deserialized, but the handler returned false (indicating failure)

IPDL protocol error: Handler returned error code!

###!!! [Parent][DispatchAsyncMessage] Error: PLayerTransaction::Msg_ReleaseLayer Processing error: message was deserialized, but the handler returned false (indicating failure)

IPDL protocol error: Handler returned error code!

###!!! [Parent][DispatchAsyncMessage] Error: PLayerTransaction::Msg_ReleaseLayer Processing error: message was deserialized, but the handler returned false (indicating failure)


###!!! [Child][RunMessage] Error: Channel closing: too late to send/recv, messages will be lost

2018-05-03 16:30:14.958 firefox-bin[2320:153688] IMKInputSession [0x1373405e0 presentFunctionRowItemTextInputViewWithEndpoint:completionHandler:] : [self textInputContext]=0x127dc5b20 *NO* NSRemoteViewController to client, NSError=Error Domain=NSCocoaErrorDomain Code=4097 "connection from pid 0" UserInfo={NSDebugDescription=connection from pid 0}, com.apple.inputmethod.EmojiFunctionRowItem
2018-05-03 16:30:15.366 firefox-bin[2320:153688] IMKInputSession [0x1373405e0 presentFunctionRowItemTextInputViewWithEndpoint:completionHandler:] : [self textInputContext]=0x127dc5b20 *NO* NSRemoteViewController to client, NSError=Error Domain=NSCocoaErrorDomain Code=4097 "connection from pid 0" UserInfo={NSDebugDescription=connection from pid 0}, com.apple.inputmethod.EmojiFunctionRowItem
2018-05-03 16:30:19.891 firefox-bin[2320:153688] IMKInputSession [0x1373405e0 presentFunctionRowItemTextInputViewWithEndpoint:completionHandler:] : [self textInputContext]=0x127dc5b20 *NO* NSRemoteViewController to client, NSError=Error Domain=NSCocoaErrorDomain Code=4097 "connection from pid 0" UserInfo={NSDebugDescription=connection from pid 0}, com.apple.inputmethod.EmojiFunctionRowItem
2018-05-03 16:30:19.899 firefox-bin[2320:153688] IMKInputSession [0x1373405e0 presentFunctionRowItemTextInputViewWithEndpoint:completionHandler:] : [self textInputContext]=0x127dc5b20 *NO* NSRemoteViewController to client, NSError=Error Domain=NSCocoaErrorDomain Code=4097 "connection from pid 0" UserInfo={NSDebugDescription=connection from pid 0}, com.apple.inputmethod.EmojiFunctionRowItem
JavaScript warning: https://static.xx.fbcdn.net/rsrc.php/v3i8ym4/yU/l/en_US/N5DUAzJUTMT.js, line 27: Error: WebGL warning: Disallowing antialiased backbuffers due to blacklisting.
2018-05-03 16:30:41.111 firefox-bin[2169:143625] IMKInputSession [0x116ebed30 presentFunctionRowItemTextInputViewWithEndpoint:completionHandler:] : [self textInputContext]=0x11bad3b20 *NO* NSRemoteViewController to client, NSError=Error Domain=NSCocoaErrorDomain Code=4097 "connection from pid 0" UserInfo={NSDebugDescription=connection from pid 0}, com.apple.inputmethod.EmojiFunctionRowItem
2018-05-03 16:30:43.147 firefox-bin[2169:143625] IMKInputSession [0x116ebed30 presentFunctionRowItemTextInputViewWithEndpoint:completionHandler:] : [self textInputContext]=0x11bad3b20 *NO* NSRemoteViewController to client, NSError=Error Domain=NSCocoaErrorDomain Code=4097 "connection from pid 0" UserInfo={NSDebugDescription=connection from pid 0}, com.apple.inputmethod.EmojiFunctionRowItem
2018-05-03 16:30:46.030 firefox-bin[2169:143625] IMKInputSession [0x116ebed30 presentFunctionRowItemTextInputViewWithEndpoint:completionHandler:] : [self textInputContext]=0x11bad3b20 *NO* NSRemoteViewController to client, NSError=Error Domain=NSCocoaErrorDomain Code=4097 "connection from pid 0" UserInfo={NSDebugDescription=connection from pid 0}, com.apple.inputmethod.EmojiFunctionRowItem
2018-05-03 16:30:47.269 firefox-bin[2169:143625] IMKInputSession [0x116ebed30 presentFunctionRowItemTextInputViewWithEndpoint:completionHandler:] : [self textInputContext]=0x11bad3b20 *NO* NSRemoteViewController to client, NSError=Error Domain=NSCocoaErrorDomain Code=4097 "connection from pid 0" UserInfo={NSDebugDescription=connection from pid 0}, com.apple.inputmethod.EmojiFunctionRowItem
2018-05-03 16:30:59.365 firefox-bin[2169:143625] IMKInputSession [0x116ebed30 presentFunctionRowItemTextInputViewWithEndpoint:completionHandler:] : [self textInputContext]=0x11bad3b20 *NO* NSRemoteViewController to client, NSError=Error Domain=NSCocoaErrorDomain Code=4097 "connection from pid 0" UserInfo={NSDebugDescription=connection from pid 0}, com.apple.inputmethod.EmojiFunctionRowItem
2018-05-03 16:32:27.602 firefox-bin[2320:153688] IMKInputSession [0x1373405e0 presentFunctionRowItemTextInputViewWithEndpoint:completionHandler:] : [self textInputContext]=0x127dc5b20 *NO* NSRemoteViewController to client, NSError=Error Domain=NSCocoaErrorDomain Code=4097 "connection from pid 0" UserInfo={NSDebugDescription=connection from pid 0}, com.apple.inputmethod.EmojiFunctionRowItem
2018-05-03 16:32:30.922 firefox-bin[2320:153688] IMKInputSession [0x1373405e0 presentFunctionRowItemTextInputViewWithEndpoint:completionHandler:] : [self textInputContext]=0x127dc5b20 *NO* NSRemoteViewController to client, NSError=Error Domain=NSCocoaErrorDomain Code=4097 "connection from pid 0" UserInfo={NSDebugDescription=connection from pid 0}, com.apple.inputmethod.EmojiFunctionRowItem
2018-05-03 16:32:31.834 firefox-bin[2169:143625] IMKInputSession [0x116ebed30 presentFunctionRowItemTextInputViewWithEndpoint:completionHandler:] : [self textInputContext]=0x11bad3b20 *NO* NSRemoteViewController to client, NSError=Error Domain=NSCocoaErrorDomain Code=4097 "connection from pid 0" UserInfo={NSDebugDescription=connection from pid 0}, com.apple.inputmethod.EmojiFunctionRowItem
2018-05-03 16:32:43.506 firefox-bin[2169:143625] IMKInputSession [0x116ebed30 presentFunctionRowItemTextInputViewWithEndpoint:completionHandler:] : [self textInputContext]=0x11bad3b20 *NO* NSRemoteViewController to client, NSError=Error Domain=NSCocoaErrorDomain Code=4097 "connection from pid 0" UserInfo={NSDebugDescription=connection from pid 0}, com.apple.inputmethod.EmojiFunctionRowItem
2018-05-03 16:32:47.628 firefox-bin[2169:143625] IMKInputSession [0x116ebed30 presentFunctionRowItemTextInputViewWithEndpoint:completionHandler:] : [self textInputContext]=0x11bad3b20 *NO* NSRemoteViewController to client, NSError=Error Domain=NSCocoaErrorDomain Code=4097 "connection from pid 0" UserInfo={NSDebugDescription=connection from pid 0}, com.apple.inputmethod.EmojiFunctionRowItem
1525358050815	geckodriver	INFO	geckodriver 0.20.1
1525358050820	geckodriver	INFO	Listening on 127.0.0.1:54881
1525358051837	mozrunner::runner	INFO	Running command: "/Applications/Firefox.app/Contents/MacOS/firefox-bin" "-marionette" "-profile" "/var/folders/5f/_dh6c8j93pq4t9mwn4swxhqh0000gn/T/rust_mozprofile.H84zL80DR2XM"
1525358052238	Marionette	INFO	Enabled via --marionette
2018-05-03 16:34:12.959 plugin-container[2352:156829] *** CFMessagePort: bootstrap_register(): failed 1100 (0x44c) 'Permission denied', port = 0x15343, name = 'com.apple.tsm.portname'
See /usr/include/servers/bootstrap_defs.h for the error codes.
2018-05-03 16:34:13.084 plugin-container[2352:156829] *** CFMessagePort: bootstrap_register(): failed 1100 (0x44c) 'Permission denied', port = 0x1535f, name = 'com.apple.coredrag'
See /usr/include/servers/bootstrap_defs.h for the error codes.
1525358053290	Marionette	INFO	Listening on port 54892
1525358053386	Marionette	WARN	TLS certificate errors will be ignored for this session
2018-05-03 16:34:13.825 plugin-container[2353:156943] *** CFMessagePort: bootstrap_register(): failed 1100 (0x44c) 'Permission denied', port = 0x1533f, name = 'com.apple.tsm.portname'
See /usr/include/servers/bootstrap_defs.h for the error codes.
2018-05-03 16:34:13.942 plugin-container[2353:156943] *** CFMessagePort: bootstrap_register(): failed 1100 (0x44c) 'Permission denied', port = 0x15357, name = 'com.apple.coredrag'
See /usr/include/servers/bootstrap_defs.h for the error codes.
JavaScript warning: https://static.xx.fbcdn.net/rsrc.php/v3i8ym4/yU/l/en_US/N5DUAzJUTMT.js, line 27: Error: WebGL warning: Disallowing antialiased backbuffers due to blacklisting.
2018-05-03 16:34:31.436 firefox-bin[2351:156732] IMKInputSession [0x111dbaa60 presentFunctionRowItemTextInputViewWithEndpoint:completionHandler:] : [self textInputContext]=0x11ed74b20 *NO* NSRemoteViewController to client, NSError=Error Domain=NSCocoaErrorDomain Code=4097 "connection from pid 0" UserInfo={NSDebugDescription=connection from pid 0}, com.apple.inputmethod.EmojiFunctionRowItem
2018-05-03 16:34:31.441 firefox-bin[2351:156732] IMKInputSession [0x111dbaa60 presentFunctionRowItemTextInputViewWithEndpoint:completionHandler:] : [self textInputContext]=0x11ed74b20 *NO* NSRemoteViewController to client, NSError=Error Domain=NSCocoaErrorDomain Code=4097 "connection from pid 0" UserInfo={NSDebugDescription=connection from pid 0}, com.apple.inputmethod.EmojiFunctionRowItem
2018-05-03 16:34:40.197 firefox-bin[2169:143625] IMKInputSession [0x116ebed30 presentFunctionRowItemTextInputViewWithEndpoint:completionHandler:] : [self textInputContext]=0x11bad3b20 *NO* NSRemoteViewController to client, NSError=Error Domain=NSCocoaErrorDomain Code=4097 "connection from pid 0" UserInfo={NSDebugDescription=connection from pid 0}, com.apple.inputmethod.EmojiFunctionRowItem
2018-05-03 16:35:30.305 firefox-bin[2351:156732] IMKInputSession [0x111dbaa60 presentFunctionRowItemTextInputViewWithEndpoint:completionHandler:] : [self textInputContext]=0x11ed74b20 *NO* NSRemoteViewController to client, NSError=Error Domain=NSCocoaErrorDomain Code=4097 "connection from pid 0" UserInfo={NSDebugDescription=connection from pid 0}, com.apple.inputmethod.EmojiFunctionRowItem
2018-05-03 16:35:30.314 firefox-bin[2351:156732] IMKInputSession [0x111dbaa60 presentFunctionRowItemTextInputViewWithEndpoint:completionHandler:] : [self textInputContext]=0x11ed74b20 *NO* NSRemoteViewController to client, NSError=Error Domain=NSCocoaErrorDomain Code=4097 "connection from pid 0" UserInfo={NSDebugDescription=connection from pid 0}, com.apple.inputmethod.EmojiFunctionRowItem
2018-05-03 16:35:40.254 firefox-bin[2351:156732] IMKInputSession [0x111dbaa60 presentFunctionRowItemTextInputViewWithEndpoint:completionHandler:] : [self textInputContext]=0x11ed74b20 *NO* NSRemoteViewController to client, NSError=Error Domain=NSCocoaErrorDomain Code=4097 "connection from pid 0" UserInfo={NSDebugDescription=connection from pid 0}, com.apple.inputmethod.EmojiFunctionRowItem
2018-05-03 16:35:40.262 firefox-bin[2351:156732] IMKInputSession [0x111dbaa60 presentFunctionRowItemTextInputViewWithEndpoint:completionHandler:] : [self textInputContext]=0x11ed74b20 *NO* NSRemoteViewController to client, NSError=Error Domain=NSCocoaErrorDomain Code=4097 "connection from pid 0" UserInfo={NSDebugDescription=connection from pid 0}, com.apple.inputmethod.EmojiFunctionRowItem
2018-05-03 16:35:42.598 firefox-bin[2169:143625] IMKInputSession [0x116ebed30 presentFunctionRowItemTextInputViewWithEndpoint:completionHandler:] : [self textInputContext]=0x11bad3b20 *NO* NSRemoteViewController to client, NSError=Error Domain=NSCocoaErrorDomain Code=4097 "connection from pid 0" UserInfo={NSDebugDescription=connection from pid 0}, com.apple.inputmethod.EmojiFunctionRowItem
2018-05-03 16:36:12.632 firefox-bin[2169:143625] IMKInputSession [0x116ebed30 presentFunctionRowItemTextInputViewWithEndpoint:completionHandler:] : [self textInputContext]=0x11bad3b20 *NO* NSRemoteViewController to client, NSError=Error Domain=NSCocoaErrorDomain Code=4097 "connection from pid 0" UserInfo={NSDebugDescription=connection from pid 0}, com.apple.inputmethod.EmojiFunctionRowItem
2018-05-03 16:36:12.701 firefox-bin[2169:143625] IMKInputSession [0x116ebed30 presentFunctionRowItemTextInputViewWithEndpoint:completionHandler:] : [self textInputContext]=0x11bad3b20 *NO* NSRemoteViewController to client, NSError=Error Domain=NSCocoaErrorDomain Code=4097 "connection from pid 0" UserInfo={NSDebugDescription=connection from pid 0}, com.apple.inputmethod.EmojiFunctionRowItem
2018-05-03 16:36:16.771 firefox-bin[2169:143625] IMKInputSession [0x116ebed30 presentFunctionRowItemTextInputViewWithEndpoint:completionHandler:] : [self textInputContext]=0x11bad3b20 *NO* NSRemoteViewController to client, NSError=Error Domain=NSCocoaErrorDomain Code=4097 "connection from pid 0" UserInfo={NSDebugDescription=connection from pid 0}, com.apple.inputmethod.EmojiFunctionRowItem
2018-05-03 16:36:19.099 firefox-bin[2169:143625] IMKInputSession [0x116ebed30 presentFunctionRowItemTextInputViewWithEndpoint:completionHandler:] : [self textInputContext]=0x11bad3b20 *NO* NSRemoteViewController to client, NSError=Error Domain=NSCocoaErrorDomain Code=4097 "connection from pid 0" UserInfo={NSDebugDescription=connection from pid 0}, com.apple.inputmethod.EmojiFunctionRowItem
JavaScript warning: https://static.xx.fbcdn.net/rsrc.php/v3i8ym4/yU/l/en_US/N5DUAzJUTMT.js, line 27: Error: WebGL warning: Disallowing antialiased backbuffers due to blacklisting.
2018-05-03 16:36:21.707 firefox-bin[2169:143625] IMKInputSession [0x116ebed30 presentFunctionRowItemTextInputViewWithEndpoint:completionHandler:] : [self textInputContext]=0x11bad3b20 *NO* NSRemoteViewController to client, NSError=Error Domain=NSCocoaErrorDomain Code=4097 "connection from pid 0" UserInfo={NSDebugDescription=connection from pid 0}, com.apple.inputmethod.EmojiFunctionRowItem
2018-05-03 16:36:40.207 firefox-bin[2169:143625] IMKInputSession [0x116ebed30 presentFunctionRowItemTextInputViewWithEndpoint:completionHandler:] : [self textInputContext]=0x11bad3b20 *NO* NSRemoteViewController to client, NSError=Error Domain=NSCocoaErrorDomain Code=4097 "connection from pid 0" UserInfo={NSDebugDescription=connection from pid 0}, com.apple.inputmethod.EmojiFunctionRowItem
2018-05-03 16:36:42.001 firefox-bin[2169:143625] IMKInputSession [0x116ebed30 presentFunctionRowItemTextInputViewWithEndpoint:completionHandler:] : [self textInputContext]=0x11bad3b20 *NO* NSRemoteViewController to client, NSError=Error Domain=NSCocoaErrorDomain Code=4097 "connection from pid 0" UserInfo={NSDebugDescription=connection from pid 0}, com.apple.inputmethod.EmojiFunctionRowItem
JavaScript warning: https://static.xx.fbcdn.net/rsrc.php/v3i8ym4/yU/l/en_US/N5DUAzJUTMT.js, line 27: Error: WebGL warning: Disallowing antialiased backbuffers due to blacklisting.
2018-05-03 16:36:44.652 firefox-bin[2169:143625] IMKInputSession [0x116ebed30 presentFunctionRowItemTextInputViewWithEndpoint:completionHandler:] : [self textInputContext]=0x11bad3b20 *NO* NSRemoteViewController to client, NSError=Error Domain=NSCocoaErrorDomain Code=4097 "connection from pid 0" UserInfo={NSDebugDescription=connection from pid 0}, com.apple.inputmethod.EmojiFunctionRowItem
2018-05-03 16:37:46.022 firefox-bin[2169:143625] IMKInputSession [0x116ebed30 presentFunctionRowItemTextInputViewWithEndpoint:completionHandler:] : [self textInputContext]=0x11bad3b20 *NO* NSRemoteViewController to client, NSError=Error Domain=NSCocoaErrorDomain Code=4097 "connection from pid 0" UserInfo={NSDebugDescription=connection from pid 0}, com.apple.inputmethod.EmojiFunctionRowItem
2018-05-03 16:37:49.344 firefox-bin[2169:143625] IMKInputSession [0x116ebed30 presentFunctionRowItemTextInputViewWithEndpoint:completionHandler:] : [self textInputContext]=0x11bad3b20 *NO* NSRemoteViewController to client, NSError=Error Domain=NSCocoaErrorDomain Code=4097 "connection from pid 0" UserInfo={NSDebugDescription=connection from pid 0}, com.apple.inputmethod.EmojiFunctionRowItem
2018-05-03 16:38:44.492 firefox-bin[2169:143625] IMKInputSession [0x116ebed30 presentFunctionRowItemTextInputViewWithEndpoint:completionHandler:] : [self textInputContext]=0x11bad3b20 *NO* NSRemoteViewController to client, NSError=Error Domain=NSCocoaErrorDomain Code=4097 "connection from pid 0" UserInfo={NSDebugDescription=connection from pid 0}, com.apple.inputmethod.EmojiFunctionRowItem
2018-05-03 16:40:00.064 firefox-bin[2169:143625] IMKInputSession [0x116ebed30 presentFunctionRowItemTextInputViewWithEndpoint:completionHandler:] : [self textInputContext]=0x11bad3b20 *NO* NSRemoteViewController to client, NSError=Error Domain=NSCocoaErrorDomain Code=4097 "connection from pid 0" UserInfo={NSDebugDescription=connection from pid 0}, com.apple.inputmethod.EmojiFunctionRowItem
2018-05-03 16:40:27.478 firefox-bin[2351:156732] IMKInputSession [0x111dbaa60 presentFunctionRowItemTextInputViewWithEndpoint:completionHandler:] : [self textInputContext]=0x11ed74b20 *NO* NSRemoteViewController to client, NSError=Error Domain=NSCocoaErrorDomain Code=4097 "connection from pid 0" UserInfo={NSDebugDescription=connection from pid 0}, com.apple.inputmethod.EmojiFunctionRowItem
2018-05-03 16:40:27.485 firefox-bin[2351:156732] IMKInputSession [0x111dbaa60 presentFunctionRowItemTextInputViewWithEndpoint:completionHandler:] : [self textInputContext]=0x11ed74b20 *NO* NSRemoteViewController to client, NSError=Error Domain=NSCocoaErrorDomain Code=4097 "connection from pid 0" UserInfo={NSDebugDescription=connection from pid 0}, com.apple.inputmethod.EmojiFunctionRowItem
2018-05-03 16:40:50.258 firefox-bin[2351:156732] IMKInputSession [0x111dbaa60 presentFunctionRowItemTextInputViewWithEndpoint:completionHandler:] : [self textInputContext]=0x11ed74b20 *NO* NSRemoteViewController to client, NSError=Error Domain=NSCocoaErrorDomain Code=4097 "connection from pid 0" UserInfo={NSDebugDescription=connection from pid 0}, com.apple.inputmethod.EmojiFunctionRowItem
2018-05-03 16:40:50.265 firefox-bin[2351:156732] IMKInputSession [0x111dbaa60 presentFunctionRowItemTextInputViewWithEndpoint:completionHandler:] : [self textInputContext]=0x11ed74b20 *NO* NSRemoteViewController to client, NSError=Error Domain=NSCocoaErrorDomain Code=4097 "connection from pid 0" UserInfo={NSDebugDescription=connection from pid 0}, com.apple.inputmethod.EmojiFunctionRowItem
2018-05-03 16:40:53.328 firefox-bin[2169:143625] IMKInputSession [0x116ebed30 presentFunctionRowItemTextInputViewWithEndpoint:completionHandler:] : [self textInputContext]=0x11bad3b20 *NO* NSRemoteViewController to client, NSError=Error Domain=NSCocoaErrorDomain Code=4097 "connection from pid 0" UserInfo={NSDebugDescription=connection from pid 0}, com.apple.inputmethod.EmojiFunctionRowItem
2018-05-03 16:41:18.522 firefox-bin[2169:143625] IMKInputSession [0x116ebed30 presentFunctionRowItemTextInputViewWithEndpoint:completionHandler:] : [self textInputContext]=0x11bad3b20 *NO* NSRemoteViewController to client, NSError=Error Domain=NSCocoaErrorDomain Code=4097 "connection from pid 0" UserInfo={NSDebugDescription=connection from pid 0}, com.apple.inputmethod.EmojiFunctionRowItem
2018-05-03 16:41:19.536 firefox-bin[2169:143625] IMKInputSession [0x116ebed30 presentFunctionRowItemTextInputViewWithEndpoint:completionHandler:] : [self textInputContext]=0x11bad3b20 *NO* NSRemoteViewController to client, NSError=Error Domain=NSCocoaErrorDomain Code=4097 "connection from pid 0" UserInfo={NSDebugDescription=connection from pid 0}, com.apple.inputmethod.EmojiFunctionRowItem
2018-05-03 16:41:23.423 firefox-bin[2169:143625] IMKInputSession [0x116ebed30 presentFunctionRowItemTextInputViewWithEndpoint:completionHandler:] : [self textInputContext]=0x11bad3b20 *NO* NSRemoteViewController to client, NSError=Error Domain=NSCocoaErrorDomain Code=4097 "connection from pid 0" UserInfo={NSDebugDescription=connection from pid 0}, com.apple.inputmethod.EmojiFunctionRowItem
JavaScript warning: https://static.xx.fbcdn.net/rsrc.php/v3i8ym4/yU/l/en_US/N5DUAzJUTMT.js, line 27: Error: WebGL warning: Disallowing antialiased backbuffers due to blacklisting.
2018-05-03 16:41:25.718 firefox-bin[2169:143625] IMKInputSession [0x116ebed30 presentFunctionRowItemTextInputViewWithEndpoint:completionHandler:] : [self textInputContext]=0x11bad3b20 *NO* NSRemoteViewController to client, NSError=Error Domain=NSCocoaErrorDomain Code=4097 "connection from pid 0" UserInfo={NSDebugDescription=connection from pid 0}, com.apple.inputmethod.EmojiFunctionRowItem
2018-05-03 16:41:26.224 firefox-bin[2169:143625] IMKInputSession [0x116ebed30 presentFunctionRowItemTextInputViewWithEndpoint:completionHandler:] : [self textInputContext]=0x11bad3b20 *NO* NSRemoteViewController to client, NSError=Error Domain=NSCocoaErrorDomain Code=4097 "connection from pid 0" UserInfo={NSDebugDescription=connection from pid 0}, com.apple.inputmethod.EmojiFunctionRowItem
2018-05-03 16:41:31.142 firefox-bin[2351:156732] IMKInputSession [0x111dbaa60 presentFunctionRowItemTextInputViewWithEndpoint:completionHandler:] : [self textInputContext]=0x11ed74b20 *NO* NSRemoteViewController to client, NSError=Error Domain=NSCocoaErrorDomain Code=4097 "connection from pid 0" UserInfo={NSDebugDescription=connection from pid 0}, com.apple.inputmethod.EmojiFunctionRowItem
2018-05-03 16:41:31.149 firefox-bin[2351:156732] IMKInputSession [0x111dbaa60 presentFunctionRowItemTextInputViewWithEndpoint:completionHandler:] : [self textInputContext]=0x11ed74b20 *NO* NSRemoteViewController to client, NSError=Error Domain=NSCocoaErrorDomain Code=4097 "connection from pid 0" UserInfo={NSDebugDescription=connection from pid 0}, com.apple.inputmethod.EmojiFunctionRowItem
JavaScript warning: https://static.xx.fbcdn.net/rsrc.php/v3i8ym4/yU/l/en_US/N5DUAzJUTMT.js, line 27: Error: WebGL warning: Disallowing antialiased backbuffers due to blacklisting.
2018-05-03 16:42:22.683 firefox-bin[2351:156732] IMKInputSession [0x111dbaa60 presentFunctionRowItemTextInputViewWithEndpoint:completionHandler:] : [self textInputContext]=0x11ed74b20 *NO* NSRemoteViewController to client, NSError=Error Domain=NSCocoaErrorDomain Code=4097 "connection from pid 0" UserInfo={NSDebugDescription=connection from pid 0}, com.apple.inputmethod.EmojiFunctionRowItem
2018-05-03 16:42:22.691 firefox-bin[2351:156732] IMKInputSession [0x111dbaa60 presentFunctionRowItemTextInputViewWithEndpoint:completionHandler:] : [self textInputContext]=0x11ed74b20 *NO* NSRemoteViewController to client, NSError=Error Domain=NSCocoaErrorDomain Code=4097 "connection from pid 0" UserInfo={NSDebugDescription=connection from pid 0}, com.apple.inputmethod.EmojiFunctionRowItem
console.warn: LoginRecipes: getRecipes: falling back to a synchronous message for: https://www.messenger.com
2018-05-03 16:42:25.611 firefox-bin[2351:156732] IMKInputSession [0x111dbaa60 presentFunctionRowItemTextInputViewWithEndpoint:completionHandler:] : [self textInputContext]=0x11ed74b20 *NO* NSRemoteViewController to client, NSError=Error Domain=NSCocoaErrorDomain Code=4097 "connection from pid 0" UserInfo={NSDebugDescription=connection from pid 0}, com.apple.inputmethod.EmojiFunctionRowItem
Handler function NetworkEventActorProxy.addResponseContent threw an exception: [Exception... "Component returned failure code: 0xc1f30001 (NS_ERROR_NOT_INITIALIZED) [nsIMessageSender.sendAsyncMessage]"  nsresult: "0xc1f30001 (NS_ERROR_NOT_INITIALIZED)"  location: "JS frame :: resource://devtools/shared/base-loader.js -> resource://devtools/shared/webconsole/network-monitor.js :: NetworkEventActorProxy.methodFactory/< :: line 1875"  data: no]
Stack: NetworkEventActorProxy.methodFactory/<@resource://devtools/shared/base-loader.js -> resource://devtools/shared/webconsole/network-monitor.js:1875:5
exports.makeInfallible/<@resource://devtools/shared/base-loader.js -> resource://devtools/shared/ThreadSafeDevToolsUtils.js:109:14
_onComplete@resource://devtools/shared/base-loader.js -> resource://devtools/shared/webconsole/network-monitor.js:651:5
onStreamClose@resource://devtools/shared/base-loader.js -> resource://devtools/shared/webconsole/network-monitor.js:600:7
onInputStreamReady@resource://devtools/shared/base-loader.js -> resource://devtools/shared/webconsole/network-monitor.js:702:7
Line: 1875, column: 0
console.error: 
  Handler function NetworkEventActorProxy.addResponseContent threw an exception: [Exception... "Component returned failure code: 0xc1f30001 (NS_ERROR_NOT_INITIALIZED) [nsIMessageSender.sendAsyncMessage]"  nsresult: "0xc1f30001 (NS_ERROR_NOT_INITIALIZED)"  location: "JS frame :: resource://devtools/shared/base-loader.js -> resource://devtools/shared/webconsole/network-monitor.js :: NetworkEventActorProxy.methodFactory/< :: line 1875"  data: no]
Stack: NetworkEventActorProxy.methodFactory/<@resource://devtools/shared/base-loader.js -> resource://devtools/shared/webconsole/network-monitor.js:1875:5
exports.makeInfallible/<@resource://devtools/shared/base-loader.js -> resource://devtools/shared/ThreadSafeDevToolsUtils.js:109:14
_onComplete@resource://devtools/shared/base-loader.js -> resource://devtools/shared/webconsole/network-monitor.js:651:5
onStreamClose@resource://devtools/shared/base-loader.js -> resource://devtools/shared/webconsole/network-monitor.js:600:7
onInputStreamReady@resource://devtools/shared/base-loader.js -> resource://devtools/shared/webconsole/network-monitor.js:702:7
Line: 1875, column: 0
1525358643780	geckodriver	INFO	geckodriver 0.20.1
1525358643785	geckodriver	INFO	Listening on 127.0.0.1:55028
1525358644807	mozrunner::runner	INFO	Running command: "/Applications/Firefox.app/Contents/MacOS/firefox-bin" "-marionette" "-profile" "/var/folders/5f/_dh6c8j93pq4t9mwn4swxhqh0000gn/T/rust_mozprofile.GsXc0mVCLoOc"
1525358645226	Marionette	INFO	Enabled via --marionette
2018-05-03 16:44:05.926 plugin-container[2426:163183] *** CFMessagePort: bootstrap_register(): failed 1100 (0x44c) 'Permission denied', port = 0xae33, name = 'com.apple.tsm.portname'
See /usr/include/servers/bootstrap_defs.h for the error codes.
2018-05-03 16:44:06.046 plugin-container[2426:163183] *** CFMessagePort: bootstrap_register(): failed 1100 (0x44c) 'Permission denied', port = 0xad37, name = 'com.apple.coredrag'
See /usr/include/servers/bootstrap_defs.h for the error codes.
1525358646242	Marionette	INFO	Listening on port 55040
1525358646258	Marionette	WARN	TLS certificate errors will be ignored for this session
2018-05-03 16:44:06.827 plugin-container[2427:163290] *** CFMessagePort: bootstrap_register(): failed 1100 (0x44c) 'Permission denied', port = 0x15303, name = 'com.apple.tsm.portname'
See /usr/include/servers/bootstrap_defs.h for the error codes.
2018-05-03 16:44:06.952 plugin-container[2427:163290] *** CFMessagePort: bootstrap_register(): failed 1100 (0x44c) 'Permission denied', port = 0x154a7, name = 'com.apple.coredrag'
See /usr/include/servers/bootstrap_defs.h for the error codes.
JavaScript warning: https://static.xx.fbcdn.net/rsrc.php/v3i8ym4/yU/l/en_US/N5DUAzJUTMT.js, line 27: Error: WebGL warning: Disallowing antialiased backbuffers due to blacklisting.
2018-05-03 16:45:06.942 firefox-bin[2425:163076] IMKInputSession [0x11e5d4430 presentFunctionRowItemTextInputViewWithEndpoint:completionHandler:] : [self textInputContext]=0x11a939640 *NO* NSRemoteViewController to client, NSError=Error Domain=NSCocoaErrorDomain Code=4097 "connection from pid 0" UserInfo={NSDebugDescription=connection from pid 0}, com.apple.inputmethod.EmojiFunctionRowItem
2018-05-03 16:45:06.947 firefox-bin[2425:163076] IMKInputSession [0x11e5d4430 presentFunctionRowItemTextInputViewWithEndpoint:completionHandler:] : [self textInputContext]=0x11a939640 *NO* NSRemoteViewController to client, NSError=Error Domain=NSCocoaErrorDomain Code=4097 "connection from pid 0" UserInfo={NSDebugDescription=connection from pid 0}, com.apple.inputmethod.EmojiFunctionRowItem
2018-05-03 16:45:08.424 firefox-bin[2169:143625] IMKInputSession [0x116ebed30 presentFunctionRowItemTextInputViewWithEndpoint:completionHandler:] : [self textInputContext]=0x11bad3b20 *NO* NSRemoteViewController to client, NSError=Error Domain=NSCocoaErrorDomain Code=4097 "connection from pid 0" UserInfo={NSDebugDescription=connection from pid 0}, com.apple.inputmethod.EmojiFunctionRowItem
2018-05-03 16:45:08.432 firefox-bin[2169:143625] IMKInputSession [0x116ebed30 presentFunctionRowItemTextInputViewWithEndpoint:completionHandler:] : [self textInputContext]=0x11bad3b20 *NO* NSRemoteViewController to client, NSError=Error Domain=NSCocoaErrorDomain Code=4097 "connection from pid 0" UserInfo={NSDebugDescription=connection from pid 0}, com.apple.inputmethod.EmojiFunctionRowItem
2018-05-03 16:45:34.503 firefox-bin[2169:143625] IMKInputSession [0x116ebed30 presentFunctionRowItemTextInputViewWithEndpoint:completionHandler:] : [self textInputContext]=0x11bad3b20 *NO* NSRemoteViewController to client, NSError=Error Domain=NSCocoaErrorDomain Code=4097 "connection from pid 0" UserInfo={NSDebugDescription=connection from pid 0}, com.apple.inputmethod.EmojiFunctionRowItem
2018-05-03 16:45:34.881 firefox-bin[2169:143625] IMKInputSession [0x116ebed30 presentFunctionRowItemTextInputViewWithEndpoint:completionHandler:] : [self textInputContext]=0x11bad3b20 *NO* NSRemoteViewController to client, NSError=Error Domain=NSCocoaErrorDomain Code=4097 "connection from pid 0" UserInfo={NSDebugDescription=connection from pid 0}, com.apple.inputmethod.EmojiFunctionRowItem
2018-05-03 16:45:46.964 firefox-bin[2169:143625] IMKInputSession [0x116ebed30 presentFunctionRowItemTextInputViewWithEndpoint:completionHandler:] : [self textInputContext]=0x11bad3b20 *NO* NSRemoteViewController to client, NSError=Error Domain=NSCocoaErrorDomain Code=4097 "connection from pid 0" UserInfo={NSDebugDescription=connection from pid 0}, com.apple.inputmethod.EmojiFunctionRowItem
2018-05-03 16:45:52.416 firefox-bin[2169:143625] IMKInputSession [0x116ebed30 presentFunctionRowItemTextInputViewWithEndpoint:completionHandler:] : [self textInputContext]=0x11bad3b20 *NO* NSRemoteViewController to client, NSError=Error Domain=NSCocoaErrorDomain Code=4097 "connection from pid 0" UserInfo={NSDebugDescription=connection from pid 0}, com.apple.inputmethod.EmojiFunctionRowItem
2018-05-03 16:46:10.202 firefox-bin[2169:143625] IMKInputSession [0x116ebed30 presentFunctionRowItemTextInputViewWithEndpoint:completionHandler:] : [self textInputContext]=0x11bad3b20 *NO* NSRemoteViewController to client, NSError=Error Domain=NSCocoaErrorDomain Code=4097 "connection from pid 0" UserInfo={NSDebugDescription=connection from pid 0}, com.apple.inputmethod.EmojiFunctionRowItem
2018-05-03 16:46:10.694 firefox-bin[2169:143625] IMKInputSession [0x116ebed30 presentFunctionRowItemTextInputViewWithEndpoint:completionHandler:] : [self textInputContext]=0x11bad3b20 *NO* NSRemoteViewController to client, NSError=Error Domain=NSCocoaErrorDomain Code=4097 "connection from pid 0" UserInfo={NSDebugDescription=connection from pid 0}, com.apple.inputmethod.EmojiFunctionRowItem
2018-05-03 16:49:45.460 firefox-bin[2169:143625] IMKInputSession [0x116ebed30 presentFunctionRowItemTextInputViewWithEndpoint:completionHandler:] : [self textInputContext]=0x11bad3b20 *NO* NSRemoteViewController to client, NSError=Error Domain=NSCocoaErrorDomain Code=4097 "connection from pid 0" UserInfo={NSDebugDescription=connection from pid 0}, com.apple.inputmethod.EmojiFunctionRowItem
2018-05-03 16:49:45.468 firefox-bin[2169:143625] IMKInputSession [0x116ebed30 presentFunctionRowItemTextInputViewWithEndpoint:completionHandler:] : [self textInputContext]=0x11bad3b20 *NO* NSRemoteViewController to client, NSError=Error Domain=NSCocoaErrorDomain Code=4097 "connection from pid 0" UserInfo={NSDebugDescription=connection from pid 0}, com.apple.inputmethod.EmojiFunctionRowItem
2018-05-03 16:49:49.845 firefox-bin[2169:143625] IMKInputSession [0x116ebed30 presentFunctionRowItemTextInputViewWithEndpoint:completionHandler:] : [self textInputContext]=0x11bad3b20 *NO* NSRemoteViewController to client, NSError=Error Domain=NSCocoaErrorDomain Code=4097 "connection from pid 0" UserInfo={NSDebugDescription=connection from pid 0}, com.apple.inputmethod.EmojiFunctionRowItem
2018-05-03 16:50:30.754 firefox-bin[2425:163076] IMKInputSession [0x11e5d4430 presentFunctionRowItemTextInputViewWithEndpoint:completionHandler:] : [self textInputContext]=0x11a939640 *NO* NSRemoteViewController to client, NSError=Error Domain=NSCocoaErrorDomain Code=4097 "connection from pid 0" UserInfo={NSDebugDescription=connection from pid 0}, com.apple.inputmethod.EmojiFunctionRowItem
2018-05-03 16:50:30.779 firefox-bin[2425:163076] IMKInputSession [0x11e5d4430 presentFunctionRowItemTextInputViewWithEndpoint:completionHandler:] : [self textInputContext]=0x11a939640 *NO* NSRemoteViewController to client, NSError=Error Domain=NSCocoaErrorDomain Code=4097 "connection from pid 0" UserInfo={NSDebugDescription=connection from pid 0}, com.apple.inputmethod.EmojiFunctionRowItem
Handler function NetworkEventActorProxy.addResponseContent threw an exception: [Exception... "Component returned failure code: 0xc1f30001 (NS_ERROR_NOT_INITIALIZED) [nsIMessageSender.sendAsyncMessage]"  nsresult: "0xc1f30001 (NS_ERROR_NOT_INITIALIZED)"  location: "JS frame :: resource://devtools/shared/base-loader.js -> resource://devtools/shared/webconsole/network-monitor.js :: NetworkEventActorProxy.methodFactory/< :: line 1875"  data: no]
Stack: NetworkEventActorProxy.methodFactory/<@resource://devtools/shared/base-loader.js -> resource://devtools/shared/webconsole/network-monitor.js:1875:5
exports.makeInfallible/<@resource://devtools/shared/base-loader.js -> resource://devtools/shared/ThreadSafeDevToolsUtils.js:109:14
_onComplete@resource://devtools/shared/base-loader.js -> resource://devtools/shared/webconsole/network-monitor.js:651:5
onStreamClose@resource://devtools/shared/base-loader.js -> resource://devtools/shared/webconsole/network-monitor.js:600:7
onInputStreamReady@resource://devtools/shared/base-loader.js -> resource://devtools/shared/webconsole/network-monitor.js:702:7
Line: 1875, column: 0
console.error: 
  Handler function NetworkEventActorProxy.addResponseContent threw an exception: [Exception... "Component returned failure code: 0xc1f30001 (NS_ERROR_NOT_INITIALIZED) [nsIMessageSender.sendAsyncMessage]"  nsresult: "0xc1f30001 (NS_ERROR_NOT_INITIALIZED)"  location: "JS frame :: resource://devtools/shared/base-loader.js -> resource://devtools/shared/webconsole/network-monitor.js :: NetworkEventActorProxy.methodFactory/< :: line 1875"  data: no]
Stack: NetworkEventActorProxy.methodFactory/<@resource://devtools/shared/base-loader.js -> resource://devtools/shared/webconsole/network-monitor.js:1875:5
exports.makeInfallible/<@resource://devtools/shared/base-loader.js -> resource://devtools/shared/ThreadSafeDevToolsUtils.js:109:14
_onComplete@resource://devtools/shared/base-loader.js -> resource://devtools/shared/webconsole/network-monitor.js:651:5
onStreamClose@resource://devtools/shared/base-loader.js -> resource://devtools/shared/webconsole/network-monitor.js:600:7
onInputStreamReady@resource://devtools/shared/base-loader.js -> resource://devtools/shared/webconsole/network-monitor.js:702:7
Line: 1875, column: 0
